"is_built_lib_misc_library" "true"
"built_lib_misc_library" "/home/sapristi/d\195\169veloppement/alife/_build/src/misc_library/misc_library.cma"
"built_lib_misc_library" "/home/sapristi/d\195\169veloppement/alife/_build/src/misc_library/misc_library.cmxa"
"built_lib_misc_library" "/home/sapristi/d\195\169veloppement/alife/_build/src/misc_library/misc_library.a"
"built_lib_misc_library" "/home/sapristi/d\195\169veloppement/alife/_build/src/misc_library/misc_library.cmxs"
"built_lib_misc_library" "/home/sapristi/d\195\169veloppement/alife/_build/src/misc_library/misc_library.cmi"
"built_lib_misc_library" "/home/sapristi/d\195\169veloppement/alife/_build/src/misc_library/misc_library.cmt"
"built_lib_misc_library" "/home/sapristi/d\195\169veloppement/alife/_build/src/misc_library/misc_library.annot"
"built_lib_misc_library" "/home/sapristi/d\195\169veloppement/alife/_build/src/misc_library/misc_library.cmx"
"is_built_lib_molecule" "true"
"built_lib_molecule" "/home/sapristi/d\195\169veloppement/alife/_build/src/molecule/molecule.cma"
"built_lib_molecule" "/home/sapristi/d\195\169veloppement/alife/_build/src/molecule/molecule.cmxa"
"built_lib_molecule" "/home/sapristi/d\195\169veloppement/alife/_build/src/molecule/molecule.a"
"built_lib_molecule" "/home/sapristi/d\195\169veloppement/alife/_build/src/molecule/molecule.cmxs"
"built_lib_molecule" "/home/sapristi/d\195\169veloppement/alife/_build/src/molecule/molecule.cmi"
"built_lib_molecule" "/home/sapristi/d\195\169veloppement/alife/_build/src/molecule/molecule.cmt"
"built_lib_molecule" "/home/sapristi/d\195\169veloppement/alife/_build/src/molecule/molecule.annot"
"built_lib_molecule" "/home/sapristi/d\195\169veloppement/alife/_build/src/molecule/molecule.cmx"
"is_built_lib_types" "true"
"built_lib_types" "/home/sapristi/d\195\169veloppement/alife/_build/src/types/types.cma"
"built_lib_types" "/home/sapristi/d\195\169veloppement/alife/_build/src/types/types.cmxa"
"built_lib_types" "/home/sapristi/d\195\169veloppement/alife/_build/src/types/types.a"
"built_lib_types" "/home/sapristi/d\195\169veloppement/alife/_build/src/types/types.cmxs"
"built_lib_types" "/home/sapristi/d\195\169veloppement/alife/_build/src/types/types.cmi"
"built_lib_types" "/home/sapristi/d\195\169veloppement/alife/_build/src/types/types.cmt"
"built_lib_types" "/home/sapristi/d\195\169veloppement/alife/_build/src/types/types.annot"
"built_lib_types" "/home/sapristi/d\195\169veloppement/alife/_build/src/types/types.cmx"
"is_built_lib_proteine" "true"
"built_lib_proteine" "/home/sapristi/d\195\169veloppement/alife/_build/src/proteine/proteine.cma"
"built_lib_proteine" "/home/sapristi/d\195\169veloppement/alife/_build/src/proteine/proteine.cmxa"
"built_lib_proteine" "/home/sapristi/d\195\169veloppement/alife/_build/src/proteine/proteine.a"
"built_lib_proteine" "/home/sapristi/d\195\169veloppement/alife/_build/src/proteine/proteine.cmxs"
"built_lib_proteine" "/home/sapristi/d\195\169veloppement/alife/_build/src/proteine/proteine.cmi"
"built_lib_proteine" "/home/sapristi/d\195\169veloppement/alife/_build/src/proteine/proteine.cmt"
"built_lib_proteine" "/home/sapristi/d\195\169veloppement/alife/_build/src/proteine/proteine.annot"
"built_lib_proteine" "/home/sapristi/d\195\169veloppement/alife/_build/src/proteine/proteine.cmx"
"is_built_lib_bacterie" "true"
"built_lib_bacterie" "/home/sapristi/d\195\169veloppement/alife/_build/src/bacterie/bacterie.cma"
"built_lib_bacterie" "/home/sapristi/d\195\169veloppement/alife/_build/src/bacterie/bacterie.cmxa"
"built_lib_bacterie" "/home/sapristi/d\195\169veloppement/alife/_build/src/bacterie/bacterie.a"
"built_lib_bacterie" "/home/sapristi/d\195\169veloppement/alife/_build/src/bacterie/bacterie.cmxs"
"built_lib_bacterie" "/home/sapristi/d\195\169veloppement/alife/_build/src/bacterie/bacterie.cmi"
"built_lib_bacterie" "/home/sapristi/d\195\169veloppement/alife/_build/src/bacterie/bacterie.cmt"
"built_lib_bacterie" "/home/sapristi/d\195\169veloppement/alife/_build/src/bacterie/bacterie.annot"
"built_lib_bacterie" "/home/sapristi/d\195\169veloppement/alife/_build/src/bacterie/bacterie.cmx"
"is_built_lib_double_multi_map" "true"
"built_lib_double_multi_map" "/home/sapristi/d\195\169veloppement/alife/_build/src/double_multi_map/double_multi_map.cma"
"built_lib_double_multi_map" "/home/sapristi/d\195\169veloppement/alife/_build/src/double_multi_map/double_multi_map.cmxa"
"built_lib_double_multi_map" "/home/sapristi/d\195\169veloppement/alife/_build/src/double_multi_map/double_multi_map.a"
"built_lib_double_multi_map" "/home/sapristi/d\195\169veloppement/alife/_build/src/double_multi_map/double_multi_map.cmxs"
"built_lib_double_multi_map" "/home/sapristi/d\195\169veloppement/alife/_build/src/double_multi_map/double_multi_map.cmi"
"built_lib_double_multi_map" "/home/sapristi/d\195\169veloppement/alife/_build/src/double_multi_map/double_multi_map.cmt"
"built_lib_double_multi_map" "/home/sapristi/d\195\169veloppement/alife/_build/src/double_multi_map/double_multi_map.annot"
"built_lib_double_multi_map" "/home/sapristi/d\195\169veloppement/alife/_build/src/double_multi_map/double_multi_map.cmx"
"built_lib_misc_library" "/home/sapristi/d\195\169veloppement/alife/_build/src/libs/misc_library.cma"
"built_lib_misc_library" "/home/sapristi/d\195\169veloppement/alife/_build/src/libs/misc_library.cmxa"
"built_lib_misc_library" "/home/sapristi/d\195\169veloppement/alife/_build/src/libs/misc_library.a"
"built_lib_misc_library" "/home/sapristi/d\195\169veloppement/alife/_build/src/libs/misc_library.cmxs"
"built_lib_misc_library" "/home/sapristi/d\195\169veloppement/alife/_build/src/libs/misc_library.cmi"
"built_lib_misc_library" "/home/sapristi/d\195\169veloppement/alife/_build/src/libs/misc_library.cmt"
"built_lib_misc_library" "/home/sapristi/d\195\169veloppement/alife/_build/src/libs/misc_library.annot"
"built_lib_misc_library" "/home/sapristi/d\195\169veloppement/alife/_build/src/libs/misc_library.cmx"
"built_lib_misc_library" "/home/sapristi/d\195\169veloppement/alife/_build/src/libs/double_multi_map.cmi"
"built_lib_misc_library" "/home/sapristi/d\195\169veloppement/alife/_build/src/libs/double_multi_map.cmt"
"built_lib_misc_library" "/home/sapristi/d\195\169veloppement/alife/_build/src/libs/double_multi_map.annot"
"built_lib_misc_library" "/home/sapristi/d\195\169veloppement/alife/_build/src/libs/double_multi_map.cmx"
"is_built_lib_local_libs" "true"
"built_lib_local_libs" "/home/sapristi/d\195\169veloppement/alife/_build/src/libs/local_libs.cma"
"built_lib_local_libs" "/home/sapristi/d\195\169veloppement/alife/_build/src/libs/local_libs.cmxa"
"built_lib_local_libs" "/home/sapristi/d\195\169veloppement/alife/_build/src/libs/local_libs.a"
"built_lib_local_libs" "/home/sapristi/d\195\169veloppement/alife/_build/src/libs/local_libs.cmxs"
"built_lib_local_libs" "/home/sapristi/d\195\169veloppement/alife/_build/src/libs/maps.cmi"
"built_lib_local_libs" "/home/sapristi/d\195\169veloppement/alife/_build/src/libs/maps.cmt"
"built_lib_local_libs" "/home/sapristi/d\195\169veloppement/alife/_build/src/libs/maps.annot"
"built_lib_local_libs" "/home/sapristi/d\195\169veloppement/alife/_build/src/libs/misc_library.cmi"
"built_lib_local_libs" "/home/sapristi/d\195\169veloppement/alife/_build/src/libs/misc_library.cmt"
"built_lib_local_libs" "/home/sapristi/d\195\169veloppement/alife/_build/src/libs/misc_library.annot"
"built_lib_local_libs" "/home/sapristi/d\195\169veloppement/alife/_build/src/libs/maps.cmx"
"built_lib_local_libs" "/home/sapristi/d\195\169veloppement/alife/_build/src/libs/misc_library.cmx"
"built_lib_molecule" "/home/sapristi/d\195\169veloppement/alife/_build/src/bacterie/molecule.cma"
"built_lib_molecule" "/home/sapristi/d\195\169veloppement/alife/_build/src/bacterie/molecule.cmxa"
"built_lib_molecule" "/home/sapristi/d\195\169veloppement/alife/_build/src/bacterie/molecule.a"
"built_lib_molecule" "/home/sapristi/d\195\169veloppement/alife/_build/src/bacterie/molecule.cmxs"
"built_lib_molecule" "/home/sapristi/d\195\169veloppement/alife/_build/src/bacterie/molecule.cmi"
"built_lib_molecule" "/home/sapristi/d\195\169veloppement/alife/_build/src/bacterie/molecule.cmt"
"built_lib_molecule" "/home/sapristi/d\195\169veloppement/alife/_build/src/bacterie/molecule.annot"
"built_lib_molecule" "/home/sapristi/d\195\169veloppement/alife/_build/src/bacterie/molecule.cmx"
"built_lib_proteine" "/home/sapristi/d\195\169veloppement/alife/_build/src/bacterie/proteine.cma"
"built_lib_proteine" "/home/sapristi/d\195\169veloppement/alife/_build/src/bacterie/proteine.cmxa"
"built_lib_proteine" "/home/sapristi/d\195\169veloppement/alife/_build/src/bacterie/proteine.a"
"built_lib_proteine" "/home/sapristi/d\195\169veloppement/alife/_build/src/bacterie/proteine.cmxs"
"built_lib_proteine" "/home/sapristi/d\195\169veloppement/alife/_build/src/bacterie/proteine.cmi"
"built_lib_proteine" "/home/sapristi/d\195\169veloppement/alife/_build/src/bacterie/proteine.cmt"
"built_lib_proteine" "/home/sapristi/d\195\169veloppement/alife/_build/src/bacterie/proteine.annot"
"built_lib_proteine" "/home/sapristi/d\195\169veloppement/alife/_build/src/bacterie/proteine.cmx"
"built_lib_bacterie" "/home/sapristi/d\195\169veloppement/alife/_build/src/bacterie/proteine.cmi"
"built_lib_bacterie" "/home/sapristi/d\195\169veloppement/alife/_build/src/bacterie/proteine.cmt"
"built_lib_bacterie" "/home/sapristi/d\195\169veloppement/alife/_build/src/bacterie/proteine.annot"
"built_lib_bacterie" "/home/sapristi/d\195\169veloppement/alife/_build/src/bacterie/proteine.cmx"
"built_lib_types" "/home/sapristi/d\195\169veloppement/alife/_build/src/bacterie/types.cma"
"built_lib_types" "/home/sapristi/d\195\169veloppement/alife/_build/src/bacterie/types.cmxa"
"built_lib_types" "/home/sapristi/d\195\169veloppement/alife/_build/src/bacterie/types.a"
"built_lib_types" "/home/sapristi/d\195\169veloppement/alife/_build/src/bacterie/types.cmxs"
"built_lib_types" "/home/sapristi/d\195\169veloppement/alife/_build/src/bacterie/types.cmi"
"built_lib_types" "/home/sapristi/d\195\169veloppement/alife/_build/src/bacterie/types.cmt"
"built_lib_types" "/home/sapristi/d\195\169veloppement/alife/_build/src/bacterie/types.annot"
"built_lib_types" "/home/sapristi/d\195\169veloppement/alife/_build/src/bacterie/types.cmx"
"is_built_lib_reactions" "true"
"built_lib_reactions" "/home/sapristi/d\195\169veloppement/alife/_build/src/bacterie/reactions.cma"
"built_lib_reactions" "/home/sapristi/d\195\169veloppement/alife/_build/src/bacterie/reactions.cmxa"
"built_lib_reactions" "/home/sapristi/d\195\169veloppement/alife/_build/src/bacterie/reactions.a"
"built_lib_reactions" "/home/sapristi/d\195\169veloppement/alife/_build/src/bacterie/reactions.cmxs"
"built_lib_reactions" "/home/sapristi/d\195\169veloppement/alife/_build/src/bacterie/reactions.cmi"
"built_lib_reactions" "/home/sapristi/d\195\169veloppement/alife/_build/src/bacterie/reactions.cmt"
"built_lib_reactions" "/home/sapristi/d\195\169veloppement/alife/_build/src/bacterie/reactions.annot"
"built_lib_reactions" "/home/sapristi/d\195\169veloppement/alife/_build/src/bacterie/reactions.cmx"
